
[2021-12-19 11:43:23pm] - [INFO] - Generated Token for [ID: 1, License Key: KEYABC123].
[2021-12-19 11:43:23pm] - [INFO] - Authenticated user [ID: 1].
[2021-12-19 11:43:23pm] - [INFO] - Updated real-time exchanges rates...
[2021-12-19 11:43:23pm] - [INFO] - Converted USD -> CAD
[2021-12-19 11:43:23pm] - [INFO] - Successfully added conversion to database.
[2021-12-20 12:36:53pm] - [INFO] - Generated Token for [ID: 1, License Key: KEYABC123].
[2021-12-20 12:36:53pm] - [INFO] - Authenticated user [ID: 1].
[2021-12-20 12:36:53pm] - [INFO] - Updated real-time exchanges rates...
[2021-12-20 12:36:53pm] - [INFO] - Converted USD -> CAD
[2021-12-20 12:37:40pm] - [INFO] - Generated Token for [ID: 1, License Key: KEYABC123].
[2021-12-20 12:37:40pm] - [INFO] - Authenticated user [ID: 1].
[2021-12-20 12:37:40pm] - [INFO] - Updated real-time exchanges rates...
[2021-12-20 12:37:40pm] - [INFO] - Converted USD -> CAD
[2021-12-20 12:38:25pm] - [INFO] - Generated Token for [ID: 1, License Key: KEYABC123].
[2021-12-20 12:38:25pm] - [INFO] - Authenticated user [ID: 1].
[2021-12-20 12:38:25pm] - [INFO] - Updated real-time exchanges rates...
[2021-12-20 12:38:25pm] - [INFO] - Converted USD -> CAD
[2021-12-20 12:38:56pm] - [INFO] - Generated Token for [ID: 1, License Key: KEYABC123].
[2021-12-20 12:38:56pm] - [INFO] - Authenticated user [ID: 1].
[2021-12-20 12:38:56pm] - [INFO] - Updated real-time exchanges rates...
[2021-12-20 12:38:56pm] - [INFO] - Converted USD -> CAD
[2021-12-20 12:39:45pm] - [INFO] - Generated Token for [ID: 1, License Key: KEYABC123].
[2021-12-20 12:39:45pm] - [INFO] - Authenticated user [ID: 1].
[2021-12-20 12:39:45pm] - [INFO] - Updated real-time exchanges rates...
[2021-12-20 12:39:45pm] - [INFO] - Converted USD -> CAD
[2021-12-20 12:41:09pm] - [INFO] - Generated Token for [ID: 1, License Key: KEYABC123].
[2021-12-20 12:41:09pm] - [INFO] - Authenticated user [ID: 1].
[2021-12-20 12:41:09pm] - [INFO] - Updated real-time exchanges rates...
[2021-12-20 12:41:09pm] - [INFO] - Converted USD -> CAD
[2021-12-20 12:43:11pm] - [INFO] - Generated Token for [ID: 1, License Key: KEYABC123].
[2021-12-20 12:43:11pm] - [INFO] - Authenticated user [ID: 1].
[2021-12-20 12:43:11pm] - [INFO] - Updated real-time exchanges rates...
[2021-12-20 12:43:11pm] - [INFO] - Converted USD -> CAD
[2021-12-20 12:43:11pm] - [INFO] - Successfully added conversion to database.
[2021-12-20 12:52:31pm] - [INFO] - Generated Token for [ID: 1, License Key: KEYABC123].
[2021-12-20 12:52:31pm] - [INFO] - Authenticated user [ID: 1].
[2021-12-20 12:52:32pm] - [INFO] - Updated real-time exchanges rates...
[2021-12-20 12:52:32pm] - [INFO] - Converted USD -> CAD
[2021-12-20 12:52:32pm] - [INFO] - Successfully added conversion to database.
[2021-12-20 12:52:49pm] - [INFO] - Generated Token for [ID: 1, License Key: KEYABC123].
[2021-12-20 12:52:49pm] - [INFO] - Authenticated user [ID: 1].
[2021-12-20 12:52:49pm] - [INFO] - Updated real-time exchanges rates...
[2021-12-20 12:52:49pm] - [INFO] - Converted USD -> CAD
[2021-12-20 12:52:49pm] - [INFO] - Successfully added conversion to database.
[2021-12-20 12:54:05pm] - [INFO] - Generated Token for [ID: 1, License Key: KEYABC123].
[2021-12-20 12:54:05pm] - [INFO] - Authenticated user [ID: 1].
[2021-12-20 12:54:05pm] - [INFO] - Updated real-time exchanges rates...
[2021-12-20 12:54:05pm] - [INFO] - Converted USD -> CAD
[2021-12-20 12:54:06pm] - [INFO] - Successfully added conversion to database.
[2021-12-20 12:54:41pm] - [INFO] - Generated Token for [ID: 1, License Key: KEYABC123].
[2021-12-20 12:54:41pm] - [INFO] - Authenticated user [ID: 1].
[2021-12-20 12:54:41pm] - [INFO] - Updated real-time exchanges rates...
[2021-12-20 12:54:41pm] - [INFO] - Converted USD -> CAD
[2021-12-20 12:54:42pm] - [INFO] - Successfully added conversion to database.
[2021-12-20 12:56:28pm] - [INFO] - Generated Token for [ID: 1, License Key: KEYABC123].
[2021-12-20 12:56:28pm] - [INFO] - Authenticated user [ID: 1].
[2021-12-20 12:56:28pm] - [INFO] - Updated real-time exchanges rates...
[2021-12-20 12:56:28pm] - [INFO] - Converted USD -> CAD
[2021-12-20 12:56:29pm] - [INFO] - Successfully added conversion to database.
[2021-12-20 01:01:27pm] - [INFO] - Generated Token for [ID: 1, License Key: KEYABC123].
[2021-12-20 01:01:27pm] - [INFO] - Authenticated user [ID: 1].
[2021-12-20 01:01:27pm] - [INFO] - Updated real-time exchanges rates...
[2021-12-20 01:01:27pm] - [INFO] - Converted USD -> CAD
[2021-12-20 01:01:27pm] - [INFO] - Successfully added conversion to database.
[2021-12-20 01:02:04pm] - [INFO] - Generated Token for [ID: 1, License Key: KEYABC123].
[2021-12-20 01:02:04pm] - [INFO] - Authenticated user [ID: 1].
[2021-12-20 01:02:04pm] - [INFO] - Updated real-time exchanges rates...
[2021-12-20 01:02:04pm] - [INFO] - Converted USD -> CAD
[2021-12-20 01:02:05pm] - [INFO] - Successfully added conversion to database.
[2021-12-20 01:02:46pm] - [INFO] - Generated Token for [ID: 1, License Key: KEYABC123].
[2021-12-20 01:02:46pm] - [INFO] - Authenticated user [ID: 1].
[2021-12-20 01:02:46pm] - [INFO] - Updated real-time exchanges rates...
[2021-12-20 01:02:46pm] - [INFO] - Converted USD -> CAD
[2021-12-20 01:02:47pm] - [INFO] - Successfully added conversion to database.
[2021-12-20 01:03:01pm] - [INFO] - Generated Token for [ID: 1, License Key: KEYABC123].
[2021-12-20 01:03:01pm] - [INFO] - Authenticated user [ID: 1].
[2021-12-20 01:03:01pm] - [INFO] - Updated real-time exchanges rates...
[2021-12-20 01:03:01pm] - [INFO] - Converted USD -> CAD
[2021-12-20 01:03:02pm] - [INFO] - Successfully added conversion to database.
[2021-12-20 01:03:18pm] - [INFO] - Generated Token for [ID: 1, License Key: KEYABC123].
[2021-12-20 01:03:18pm] - [INFO] - Authenticated user [ID: 1].
[2021-12-20 01:03:18pm] - [INFO] - Updated real-time exchanges rates...
[2021-12-20 01:03:18pm] - [INFO] - Converted USD -> CAD
[2021-12-20 01:03:19pm] - [INFO] - Successfully added conversion to database.
[2021-12-20 01:04:31pm] - [INFO] - Generated Token for [ID: 1, License Key: KEYABC123].
[2021-12-20 01:04:31pm] - [INFO] - Authenticated user [ID: 1].
[2021-12-20 01:04:31pm] - [INFO] - Updated real-time exchanges rates...
[2021-12-20 01:04:31pm] - [INFO] - Converted USD -> CAD
[2021-12-20 01:04:31pm] - [INFO] - Successfully added conversion to database.
[2021-12-20 02:07:20pm] - [INFO] - Generated Token for [ID: 1, License Key: KEYABC123].
[2021-12-20 02:07:20pm] - [INFO] - Authenticated user [ID: 1].
[2021-12-20 02:07:20pm] - [INFO] - Updated real-time exchanges rates...
[2021-12-20 02:07:20pm] - [INFO] - Converted USD -> CAD
[2021-12-20 02:07:21pm] - [INFO] - Successfully added conversion to database.
